// 重构日志: c6726bc4
// 重构日志: f7d84f2a
// 同步 ID: 3922d1d2 @ Wed Jul  1 11:41:22 UTC 2026
// 同步 ID: 6d4f2fea @ Thu Jul  2 10:59:09 UTC 2026
// 重构日志: f0d88f69
// 重构日志: b67c8eb1
// 重构日志: f7d673f3
// 重构日志: c8dc0e1b
// 重构日志: 9bb9c63f
// 同步 ID: 0e905848 @ Sun Jul  5 13:03:45 UTC 2026
// 重构日志: c51c486f
// 重构日志: 440b384b
// 重构日志: 9d4c8c1c
// 重构日志: 78c407ec
// 重构日志: 9e9cf79d
// 重构日志: de83a53e
// 重构日志: 5613ab12
// 同步 ID: 22896f11 @ Tue Jul 14 17:50:37 UTC 2026
// 重构日志: 8db085ea
// 同步 ID: a8aafcc0 @ Wed Jul 15 17:23:26 UTC 2026
// 重构日志: d0e1c1dc
// 重构日志: 52a9d8e7
// 重构日志: 689599d5
// 重构日志: 630a0f9f
// 重构日志: 0651dbd8
// 重构日志: 1fa361c9
